[00:08:56] [Server thread/INFO]: Starting minecraft server version 1.13.2
[00:08:56] [Server thread/INFO]: Loading properties
[00:08:56] [Server thread/INFO]: Default game type: SURVIVAL
[00:08:56] [Server thread/INFO]: This server is running CraftBukkit version git-Spigot-f56e2e7-1a64d4a (MC: 1.13.2) (Implementing API version 1.13.2-R0.1-SNAPSHOT)
[00:08:56] [Server thread/INFO]: Debug logging is disabled
[00:08:56] [Server thread/INFO]: Server Ping Player Sample Count: 12
[00:08:56] [Server thread/INFO]: Using 4 threads for Netty based IO
[00:08:56] [Server thread/INFO]: Generating keypair
[00:08:56] [Server thread/INFO]: Starting Minecraft server on *:25565
[00:08:56] [Server thread/INFO]: Using default channel type
[00:08:59] [Server thread/INFO]: [ImageLoader] Loading ImageLoader v1.0.0
[00:08:59] [Server thread/INFO]: Preparing level "world"
[00:08:59] [Server thread/INFO]: Reloading ResourceManager: Default, bukkit
[00:08:59] [Server thread/INFO]: Loaded 524 recipes
[00:09:00] [Server thread/INFO]: -------- World Settings For [world] --------
[00:09:00] [Server thread/INFO]: Arrow Despawn Rate: 1200
[00:09:00] [Server thread/INFO]: View Distance: 10
[00:09:00] [Server thread/INFO]: Nerfing mobs spawned from spawners: false
[00:09:00] [Server thread/INFO]: Item Despawn Rate: 6000
[00:09:00] [Server thread/INFO]: Item Merge Radius: 2.5
[00:09:00] [Server thread/INFO]: Allow Zombie Pigmen to spawn from portal blocks: true
[00:09:00] [Server thread/INFO]: Zombie Aggressive Towards Villager: true
[00:09:00] [Server thread/INFO]: Custom Map Seeds:  Village: 10387312 Desert: 14357617 Igloo: 14357618 Jungle: 14357619 Swamp: 14357620 Monument: 10387313Ocean: 14357621 Shipwreck: 165745295 Slime: 987234911
[00:09:00] [Server thread/INFO]: Experience Merge Radius: 3.0
[00:09:00] [Server thread/INFO]: Mob Spawn Range: 6
[00:09:00] [Server thread/INFO]: Cactus Growth Modifier: 100%
[00:09:00] [Server thread/INFO]: Cane Growth Modifier: 100%
[00:09:00] [Server thread/INFO]: Melon Growth Modifier: 100%
[00:09:00] [Server thread/INFO]: Mushroom Growth Modifier: 100%
[00:09:00] [Server thread/INFO]: Pumpkin Growth Modifier: 100%
[00:09:00] [Server thread/INFO]: Sapling Growth Modifier: 100%
[00:09:00] [Server thread/INFO]: Beetroot Growth Modifier: 100%
[00:09:00] [Server thread/INFO]: Carrot Growth Modifier: 100%
[00:09:00] [Server thread/INFO]: Potato Growth Modifier: 100%
[00:09:00] [Server thread/INFO]: Wheat Growth Modifier: 100%
[00:09:00] [Server thread/INFO]: NetherWart Growth Modifier: 100%
[00:09:00] [Server thread/INFO]: Vine Growth Modifier: 100%
[00:09:00] [Server thread/INFO]: Cocoa Growth Modifier: 100%
[00:09:00] [Server thread/INFO]: Entity Tracking Range: Pl 48 / An 48 / Mo 48 / Mi 32 / Other 64
[00:09:00] [Server thread/INFO]: Max TNT Explosions: 100
[00:09:00] [Server thread/INFO]: Tile Max Tick Time: 50ms Entity max Tick Time: 50ms
[00:09:00] [Server thread/INFO]: Random Lighting Updates: false
[00:09:00] [Server thread/INFO]: Hopper Transfer: 8 Hopper Check: 1 Hopper Amount: 1
[00:09:00] [Server thread/INFO]: Entity Activation Range: An 32 / Mo 32 / Mi 16 / Tiv true
[00:09:00] [Server thread/INFO]: -------- World Settings For [world_nether] --------
[00:09:00] [Server thread/INFO]: Arrow Despawn Rate: 1200
[00:09:00] [Server thread/INFO]: View Distance: 10
[00:09:00] [Server thread/INFO]: Nerfing mobs spawned from spawners: false
[00:09:00] [Server thread/INFO]: Item Despawn Rate: 6000
[00:09:00] [Server thread/INFO]: Item Merge Radius: 2.5
[00:09:00] [Server thread/INFO]: Allow Zombie Pigmen to spawn from portal blocks: true
[00:09:00] [Server thread/INFO]: Zombie Aggressive Towards Villager: true
[00:09:00] [Server thread/INFO]: Custom Map Seeds:  Village: 10387312 Desert: 14357617 Igloo: 14357618 Jungle: 14357619 Swamp: 14357620 Monument: 10387313Ocean: 14357621 Shipwreck: 165745295 Slime: 987234911
[00:09:00] [Server thread/INFO]: Experience Merge Radius: 3.0
[00:09:00] [Server thread/INFO]: Mob Spawn Range: 6
[00:09:00] [Server thread/INFO]: Cactus Growth Modifier: 100%
[00:09:00] [Server thread/INFO]: Cane Growth Modifier: 100%
[00:09:00] [Server thread/INFO]: Melon Growth Modifier: 100%
[00:09:00] [Server thread/INFO]: Mushroom Growth Modifier: 100%
[00:09:00] [Server thread/INFO]: Pumpkin Growth Modifier: 100%
[00:09:00] [Server thread/INFO]: Sapling Growth Modifier: 100%
[00:09:00] [Server thread/INFO]: Beetroot Growth Modifier: 100%
[00:09:00] [Server thread/INFO]: Carrot Growth Modifier: 100%
[00:09:00] [Server thread/INFO]: Potato Growth Modifier: 100%
[00:09:00] [Server thread/INFO]: Wheat Growth Modifier: 100%
[00:09:00] [Server thread/INFO]: NetherWart Growth Modifier: 100%
[00:09:00] [Server thread/INFO]: Vine Growth Modifier: 100%
[00:09:00] [Server thread/INFO]: Cocoa Growth Modifier: 100%
[00:09:00] [Server thread/INFO]: Entity Tracking Range: Pl 48 / An 48 / Mo 48 / Mi 32 / Other 64
[00:09:00] [Server thread/INFO]: Max TNT Explosions: 100
[00:09:00] [Server thread/INFO]: Tile Max Tick Time: 50ms Entity max Tick Time: 50ms
[00:09:00] [Server thread/INFO]: Random Lighting Updates: false
[00:09:00] [Server thread/INFO]: Hopper Transfer: 8 Hopper Check: 1 Hopper Amount: 1
[00:09:00] [Server thread/INFO]: Entity Activation Range: An 32 / Mo 32 / Mi 16 / Tiv true
[00:09:00] [Server thread/INFO]: -------- World Settings For [world_the_end] --------
[00:09:00] [Server thread/INFO]: Arrow Despawn Rate: 1200
[00:09:00] [Server thread/INFO]: View Distance: 10
[00:09:00] [Server thread/INFO]: Nerfing mobs spawned from spawners: false
[00:09:00] [Server thread/INFO]: Item Despawn Rate: 6000
[00:09:00] [Server thread/INFO]: Item Merge Radius: 2.5
[00:09:00] [Server thread/INFO]: Allow Zombie Pigmen to spawn from portal blocks: true
[00:09:00] [Server thread/INFO]: Zombie Aggressive Towards Villager: true
[00:09:00] [Server thread/INFO]: Custom Map Seeds:  Village: 10387312 Desert: 14357617 Igloo: 14357618 Jungle: 14357619 Swamp: 14357620 Monument: 10387313Ocean: 14357621 Shipwreck: 165745295 Slime: 987234911
[00:09:00] [Server thread/INFO]: Experience Merge Radius: 3.0
[00:09:00] [Server thread/INFO]: Mob Spawn Range: 6
[00:09:00] [Server thread/INFO]: Cactus Growth Modifier: 100%
[00:09:00] [Server thread/INFO]: Cane Growth Modifier: 100%
[00:09:00] [Server thread/INFO]: Melon Growth Modifier: 100%
[00:09:00] [Server thread/INFO]: Mushroom Growth Modifier: 100%
[00:09:00] [Server thread/INFO]: Pumpkin Growth Modifier: 100%
[00:09:00] [Server thread/INFO]: Sapling Growth Modifier: 100%
[00:09:00] [Server thread/INFO]: Beetroot Growth Modifier: 100%
[00:09:00] [Server thread/INFO]: Carrot Growth Modifier: 100%
[00:09:00] [Server thread/INFO]: Potato Growth Modifier: 100%
[00:09:00] [Server thread/INFO]: Wheat Growth Modifier: 100%
[00:09:00] [Server thread/INFO]: NetherWart Growth Modifier: 100%
[00:09:00] [Server thread/INFO]: Vine Growth Modifier: 100%
[00:09:00] [Server thread/INFO]: Cocoa Growth Modifier: 100%
[00:09:00] [Server thread/INFO]: Entity Tracking Range: Pl 48 / An 48 / Mo 48 / Mi 32 / Other 64
[00:09:00] [Server thread/INFO]: Max TNT Explosions: 100
[00:09:00] [Server thread/INFO]: Tile Max Tick Time: 50ms Entity max Tick Time: 50ms
[00:09:00] [Server thread/INFO]: Random Lighting Updates: false
[00:09:00] [Server thread/INFO]: Hopper Transfer: 8 Hopper Check: 1 Hopper Amount: 1
[00:09:00] [Server thread/INFO]: Entity Activation Range: An 32 / Mo 32 / Mi 16 / Tiv true
[00:09:00] [Server thread/INFO]: Preparing start region for level minecraft:overworld (Seed: 995576854211129982)
[00:09:00] [Server thread/INFO]: Preparing spawn area: 4%
[00:09:00] [Server thread/INFO]: Preparing spawn area: 8%
[00:09:01] [Server thread/INFO]: Preparing spawn area: 12%
[00:09:01] [Server thread/INFO]: Preparing spawn area: 16%
[00:09:01] [Server thread/INFO]: Preparing spawn area: 20%
[00:09:01] [Server thread/INFO]: Preparing spawn area: 24%
[00:09:01] [Server thread/INFO]: Preparing spawn area: 28%
[00:09:01] [Server thread/INFO]: Preparing spawn area: 32%
[00:09:01] [Server thread/INFO]: Preparing spawn area: 36%
[00:09:01] [Server thread/INFO]: Preparing spawn area: 40%
[00:09:01] [Server thread/INFO]: Preparing spawn area: 44%
[00:09:01] [Server thread/INFO]: Preparing spawn area: 48%
[00:09:01] [Server thread/INFO]: Preparing spawn area: 52%
[00:09:01] [Server thread/INFO]: Preparing spawn area: 56%
[00:09:01] [Server thread/INFO]: Preparing spawn area: 60%
[00:09:01] [Server thread/INFO]: Preparing spawn area: 64%
[00:09:01] [Server thread/INFO]: Preparing spawn area: 68%
[00:09:01] [Server thread/INFO]: Preparing spawn area: 72%
[00:09:01] [Server thread/INFO]: Preparing spawn area: 76%
[00:09:01] [Server thread/INFO]: Preparing spawn area: 80%
[00:09:01] [Server thread/INFO]: Preparing spawn area: 84%
[00:09:01] [Server thread/INFO]: Preparing spawn area: 88%
[00:09:01] [Server thread/INFO]: Preparing spawn area: 92%
[00:09:01] [Server thread/INFO]: Preparing spawn area: 96%
[00:09:01] [Server thread/INFO]: Preparing spawn area: 100%
[00:09:01] [Server thread/INFO]: Preparing start region for level minecraft:the_nether (Seed: 995576854211129982)
[00:09:01] [Server thread/INFO]: Preparing spawn area: 4%
[00:09:01] [Server thread/INFO]: Preparing spawn area: 8%
[00:09:01] [Server thread/INFO]: Preparing spawn area: 12%
[00:09:01] [Server thread/INFO]: Preparing spawn area: 16%
[00:09:01] [Server thread/INFO]: Preparing spawn area: 20%
[00:09:01] [Server thread/INFO]: Preparing spawn area: 24%
[00:09:02] [Server thread/INFO]: Preparing spawn area: 28%
[00:09:02] [Server thread/INFO]: Preparing spawn area: 32%
[00:09:02] [Server thread/INFO]: Preparing spawn area: 36%
[00:09:02] [Server thread/INFO]: Preparing spawn area: 40%
[00:09:02] [Server thread/INFO]: Preparing spawn area: 44%
[00:09:02] [Server thread/INFO]: Preparing spawn area: 48%
[00:09:02] [Server thread/INFO]: Preparing spawn area: 52%
[00:09:02] [Server thread/INFO]: Preparing spawn area: 56%
[00:09:02] [Server thread/INFO]: Preparing spawn area: 60%
[00:09:02] [Server thread/INFO]: Preparing spawn area: 64%
[00:09:02] [Server thread/INFO]: Preparing spawn area: 68%
[00:09:02] [Server thread/INFO]: Preparing spawn area: 72%
[00:09:02] [Server thread/INFO]: Preparing spawn area: 76%
[00:09:02] [Server thread/INFO]: Preparing spawn area: 80%
[00:09:02] [Server thread/INFO]: Preparing spawn area: 84%
[00:09:02] [Server thread/INFO]: Preparing spawn area: 88%
[00:09:02] [Server thread/INFO]: Preparing spawn area: 92%
[00:09:02] [Server thread/INFO]: Preparing spawn area: 96%
[00:09:02] [Server thread/INFO]: Preparing spawn area: 100%
[00:09:02] [Server thread/INFO]: Preparing start region for level minecraft:the_end (Seed: 995576854211129982)
[00:09:02] [Server thread/INFO]: Preparing spawn area: 4%
[00:09:02] [Server thread/INFO]: Preparing spawn area: 8%
[00:09:02] [Server thread/INFO]: Preparing spawn area: 12%
[00:09:02] [Server thread/INFO]: Preparing spawn area: 16%
[00:09:02] [Server thread/INFO]: Preparing spawn area: 20%
[00:09:02] [Server thread/INFO]: Preparing spawn area: 24%
[00:09:02] [Server thread/INFO]: Preparing spawn area: 28%
[00:09:02] [Server thread/INFO]: Preparing spawn area: 32%
[00:09:02] [Server thread/INFO]: Preparing spawn area: 36%
[00:09:02] [Server thread/INFO]: Preparing spawn area: 40%
[00:09:02] [Server thread/INFO]: Preparing spawn area: 44%
[00:09:02] [Server thread/INFO]: Preparing spawn area: 48%
[00:09:02] [Server thread/INFO]: Preparing spawn area: 52%
[00:09:02] [Server thread/INFO]: Preparing spawn area: 56%
[00:09:02] [Server thread/INFO]: Preparing spawn area: 60%
[00:09:02] [Server thread/INFO]: Preparing spawn area: 64%
[00:09:02] [Server thread/INFO]: Preparing spawn area: 68%
[00:09:02] [Server thread/INFO]: Preparing spawn area: 72%
[00:09:02] [Server thread/INFO]: Preparing spawn area: 76%
[00:09:02] [Server thread/INFO]: Preparing spawn area: 80%
[00:09:02] [Server thread/INFO]: Preparing spawn area: 84%
[00:09:02] [Server thread/INFO]: Preparing spawn area: 88%
[00:09:02] [Server thread/INFO]: Preparing spawn area: 92%
[00:09:02] [Server thread/INFO]: Preparing spawn area: 96%
[00:09:02] [Server thread/INFO]: Preparing spawn area: 100%
[00:09:02] [Server thread/INFO]: Time elapsed: 2114 ms
[00:09:02] [Server thread/INFO]: [ImageLoader] Enabling ImageLoader v1.0.0
[00:09:02] [Server thread/INFO]: [ImageLoader] ImageLoader enabled.
[00:09:02] [Server thread/INFO]: Server permissions file permissions.yml is empty, ignoring it
[00:09:02] [Server thread/INFO]: Done (3.697s)! For help, type "help"
[00:09:11] [Server thread/INFO]: [0;31;1mBro, need to send from a player.[m
[00:09:11] [Server thread/INFO]: [0;32;1m... but we letting this go though for sake of testing[m
[00:09:11] [Server thread/INFO]: Usage: /loadimage [url] [stand|flat] [left|right|top|bottom] <w=blocks> <h=blocks> <r=cw|ccw|180>[m
[00:09:24] [Server thread/INFO]: [0;31;1mBro, need to send from a player.[m
[00:09:24] [Server thread/INFO]: [0;32;1m... but we letting this go though for sake of testing[m
[00:09:24] [Server thread/INFO]: Usage: /loadimage [url] [stand|flat] [left|right|top|bottom] <w=blocks> <h=blocks> <r=cw|ccw|180>[m
[00:09:28] [Server thread/INFO]: [0;31;1mBro, need to send from a player.[m
[00:09:28] [Server thread/INFO]: [0;32;1m... but we letting this go though for sake of testing[m
[00:09:39] [Server thread/INFO]: [0;31;1mBro, need to send from a player.[m
[00:09:39] [Server thread/INFO]: [0;32;1m... but we letting this go though for sake of testing[m
[00:09:50] [Server thread/INFO]: [0;31;1mBro, need to send from a player.[m
[00:09:50] [Server thread/INFO]: [0;32;1m... but we letting this go though for sake of testing[m
[00:09:53] [Server thread/INFO]: [0;31;1mBro, need to send from a player.[m
[00:09:53] [Server thread/INFO]: [0;32;1m... but we letting this go though for sake of testing[m
[00:09:53] [Server thread/INFO]: [0;31;1mValue '0' must be at least 1.[m
[00:09:53] [Server thread/INFO]: Usage: /loadimage [url] [stand|flat] [left|right|top|bottom] <w=blocks> <h=blocks> <r=cw|ccw|180>[m
[00:09:57] [Server thread/INFO]: [0;31;1mBro, need to send from a player.[m
[00:09:57] [Server thread/INFO]: [0;32;1m... but we letting this go though for sake of testing[m
[00:09:57] [Server thread/INFO]: [0;31;1mValue '.' not an integer.[m
[00:09:57] [Server thread/INFO]: Usage: /loadimage [url] [stand|flat] [left|right|top|bottom] <w=blocks> <h=blocks> <r=cw|ccw|180>[m
[00:10:00] [Server thread/INFO]: [0;31;1mBro, need to send from a player.[m
[00:10:00] [Server thread/INFO]: [0;32;1m... but we letting this go though for sake of testing[m
[00:10:00] [Server thread/INFO]: [0;31;1mValue '.1' not an integer.[m
[00:10:00] [Server thread/INFO]: Usage: /loadimage [url] [stand|flat] [left|right|top|bottom] <w=blocks> <h=blocks> <r=cw|ccw|180>[m
[00:10:04] [Server thread/INFO]: [0;31;1mBro, need to send from a player.[m
[00:10:04] [Server thread/INFO]: [0;32;1m... but we letting this go though for sake of testing[m
[00:10:04] [Server thread/INFO]: [0;31;1mValue 'int(1)' not an integer.[m
[00:10:04] [Server thread/INFO]: Usage: /loadimage [url] [stand|flat] [left|right|top|bottom] <w=blocks> <h=blocks> <r=cw|ccw|180>[m
[00:10:08] [Server thread/INFO]: [0;31;1mBro, need to send from a player.[m
[00:10:08] [Server thread/INFO]: [0;32;1m... but we letting this go though for sake of testing[m
[00:10:12] [Server thread/INFO]: [0;31;1mBro, need to send from a player.[m
[00:10:12] [Server thread/INFO]: [0;32;1m... but we letting this go though for sake of testing[m
[00:10:12] [Server thread/INFO]: [0;31;1mUnknown key 'k'. Should be one of 'w', 'h', 'r'.[m
[00:10:12] [Server thread/INFO]: Usage: /loadimage [url] [stand|flat] [left|right|top|bottom] <w=blocks> <h=blocks> <r=cw|ccw|180>[m
[00:10:18] [Server thread/INFO]: [0;31;1mBro, need to send from a player.[m
[00:10:18] [Server thread/INFO]: [0;32;1m... but we letting this go though for sake of testing[m
[00:10:18] [Server thread/INFO]: [0;31;1mUnknown key 'k'. Should be one of 'w', 'h', 'r'.[m
[00:10:18] [Server thread/INFO]: Usage: /loadimage [url] [stand|flat] [left|right|top|bottom] <w=blocks> <h=blocks> <r=cw|ccw|180>[m
[00:10:22] [Server thread/INFO]: [0;31;1mBro, need to send from a player.[m
[00:10:22] [Server thread/INFO]: [0;32;1m... but we letting this go though for sake of testing[m
[00:10:25] [Server thread/INFO]: [0;31;1mBro, need to send from a player.[m
[00:10:25] [Server thread/INFO]: [0;32;1m... but we letting this go though for sake of testing[m
[00:10:25] [Server thread/INFO]: [0;31;1mUnexpected '=': w=2=3.[m
[00:10:25] [Server thread/INFO]: Usage: /loadimage [url] [stand|flat] [left|right|top|bottom] <w=blocks> <h=blocks> <r=cw|ccw|180>[m
[00:10:40] [Server thread/INFO]: [0;31;1mBro, need to send from a player.[m
[00:10:40] [Server thread/INFO]: [0;32;1m... but we letting this go though for sake of testing[m
[00:10:40] [Server thread/INFO]: [0;31;1mUnexpected '=': w==3.[m
[00:10:40] [Server thread/INFO]: Usage: /loadimage [url] [stand|flat] [left|right|top|bottom] <w=blocks> <h=blocks> <r=cw|ccw|180>[m
[00:10:45] [Server thread/INFO]: [0;31;1mBro, need to send from a player.[m
[00:10:45] [Server thread/INFO]: [0;32;1m... but we letting this go though for sake of testing[m
[00:10:50] [Server thread/INFO]: [0;31;1mBro, need to send from a player.[m
[00:10:50] [Server thread/INFO]: [0;32;1m... but we letting this go though for sake of testing[m
[00:10:54] [Server thread/INFO]: [0;31;1mBro, need to send from a player.[m
[00:10:54] [Server thread/INFO]: [0;32;1m... but we letting this go though for sake of testing[m
[00:10:54] [Server thread/INFO]: [0;31;1mUnrecognized value 'rot'. Must be one of 'cw', 'ccw', '180'.[m
[00:10:54] [Server thread/INFO]: Usage: /loadimage [url] [stand|flat] [left|right|top|bottom] <w=blocks> <h=blocks> <r=cw|ccw|180>[m
[00:10:58] [Server thread/INFO]: [0;31;1mBro, need to send from a player.[m
[00:10:58] [Server thread/INFO]: [0;32;1m... but we letting this go though for sake of testing[m
[00:11:00] [Server thread/INFO]: [0;31;1mBro, need to send from a player.[m
[00:11:00] [Server thread/INFO]: [0;32;1m... but we letting this go though for sake of testing[m
[00:11:03] [Server thread/INFO]: [0;31;1mBro, need to send from a player.[m
[00:11:03] [Server thread/INFO]: [0;32;1m... but we letting this go though for sake of testing[m
[00:11:05] [Server thread/INFO]: [0;31;1mBro, need to send from a player.[m
[00:11:05] [Server thread/INFO]: [0;32;1m... but we letting this go though for sake of testing[m
[00:11:05] [Server thread/INFO]: [0;31;1mUnrecognized value '0'. Must be one of 'cw', 'ccw', '180'.[m
[00:11:05] [Server thread/INFO]: Usage: /loadimage [url] [stand|flat] [left|right|top|bottom] <w=blocks> <h=blocks> <r=cw|ccw|180>[m
[00:11:08] [Server thread/INFO]: [0;31;1mBro, need to send from a player.[m
[00:11:08] [Server thread/INFO]: [0;32;1m... but we letting this go though for sake of testing[m
[00:11:10] [Server thread/INFO]: [0;31;1mBro, need to send from a player.[m
[00:11:10] [Server thread/INFO]: [0;32;1m... but we letting this go though for sake of testing[m
